Perltidy version is 20190601

There is no previous '?' to match a ':' on line 1
1: [{"name":"MyApp::Controller::Calender","defintion":1,"kind":2,"l ...
           ^

There is no previous '?' to match a ':' on line 1
1: [{"name":"MyApp::Controller::Calender","defintion":1,"kind":2,"l ...
                                                     ^

There is no previous '?' to match a ':' on line 1
1: [{"name":"MyApp::Controller::Calender","defintion":1,"kind":2,"l ...
                                                              ^

There is no previous '?' to match a ':' on line 1
1: ... ender","defintion":1,"kind":2,"line":0},{"containerName":"","nam ...
                                           ^

There is no previous '?' to match a ':' on line 1
1: ... ,"kind":2,"line":0},{"containerName":"","name":"strict","kind":2 ...
                                           ^

There is no previous '?' to match a ':' on line 1
1: ... "line":0},{"containerName":"","name":"strict","kind":2,"line":1} ...
                                           ^

There is no previous '?' to match a ':' on line 1
1: ... ainerName":"","name":"strict","kind":2,"line":1},{"name":"warnin ...
                                           ^
1:	To save a full .LOG file rerun with -g
